TEXT main/utils.ParseHexU64(SB) /Users/satourennari/Desktop/evm_triarb/utils/utils.go
  utils.go:214		0x1001750f0		f81e0ffe		MOVD.W R30, -32(RSP)			
  utils.go:214		0x1001750f4		f81f83fd		MOVD R29, -8(RSP)			
  utils.go:214		0x1001750f8		d10023fd		SUB $8, RSP, R29			
  utils.go:214		0x1001750fc		f90017e0		MOVD R0, 40(RSP)			
  utils.go:215		0x100175100		b4000201		CBZ R1, 16(PC)				
  utils.go:221		0x100175104		f100083f		CMP $2, R1				
  utils.go:221		0x100175108		5400016b		BLT 11(PC)				
  utils.go:221		0x10017510c		39400003		MOVBU (R0), R3				
  utils.go:221		0x100175110		7100c07f		CMPW $48, R3				
  utils.go:221		0x100175114		54000101		BNE 8(PC)				
  utils.go:221		0x100175118		39400403		MOVBU 1(R0), R3				
  utils.go:221		0x10017511c		b27b0063		ORR $32, R3, R3				
  utils.go:221		0x100175120		d3401c63		UBFX $0, R3, $8, R3			
  utils.go:221		0x100175124		7101e07f		CMPW $120, R3				
  utils.go:221		0x100175128		54000061		BNE 3(PC)				
  utils.go:221		0x10017512c		b27f03e3		ORR $2, ZR, R3				
  utils.go:221		0x100175130		14000002		JMP 2(PC)				
  utils.go:221		0x100175134		aa1f03e3		MOVD ZR, R3				
  utils.go:228		0x100175138		aa1f03e4		MOVD ZR, R4				
  utils.go:221		0x10017513c		14000018		JMP 24(PC)				
  utils.go:216		0x100175140		aa1f03e0		MOVD ZR, R0				
  utils.go:216		0x100175144		f85f83fd		MOVD -8(RSP), R29			
  utils.go:216		0x100175148		f84207fe		MOVD.P 32(RSP), R30			
  utils.go:216		0x10017514c		d65f03c0		RET					
  utils.go:177		0x100175150		f8666805		MOVD (R0)(R6), R5			
  utils.go:232		0x100175154		b203c0a5		ORR $2314885530818453536, R5, R5	
  utils.go:233		0x100175158		9202c0a6		AND $4629771061636907072, R5, R6	
  utils.go:233		0x10017515c		d346fcc6		LSR $6, R6, R6				
  utils.go:234		0x100175160		d28004e7		MOVD $39, R7				
  utils.go:234		0x100175164		9b0694e5		MSUB R6, R5, R7, R5			
  utils.go:234		0x100175168		b204c7e6		MOVD $3472328296227680304, R6		
  utils.go:234		0x10017516c		cb0600a5		SUB R6, R5, R5				
  utils.go:237		0x100175170		92008ca6		AND $4222189076152335, R5, R6		
  utils.go:238		0x100175174		ca0500c5		EOR R5, R6, R5				
  utils.go:239		0x100175178		aa0630a5		ORR R6<<12, R5, R5			
  utils.go:241		0x10017517c		92081ca6		AND $-72057589759737856, R5, R6		
  utils.go:242		0x100175180		ca0500c5		EOR R5, R6, R5				
  utils.go:243		0x100175184		aa4660a5		ORR R6>>24, R5, R5			
  utils.go:245		0x100175188		92403ca6		AND $65535, R5, R6			
  utils.go:246		0x10017518c		ca0500c5		EOR R5, R6, R5				
  utils.go:247		0x100175190		aa06c0a5		ORR R6<<48, R5, R5			
  utils.go:250		0x100175194		93c58084		EXTR $32, R5, R4, R4			
  utils.go:251		0x100175198		91002063		ADD $8, R3, R3				
  utils.go:228		0x10017519c		91001c65		ADD $7, R3, R5				
  utils.go:228		0x1001751a0		eb05003f		CMP R5, R1				
  utils.go:228		0x1001751a4		540001ed		BLE 15(PC)				
  utils.go:228		0x1001751a8		f100487f		CMP $18, R3				
  utils.go:228		0x1001751ac		540001aa		BGE 13(PC)				
  utils.go:229		0x1001751b0		eb03003f		CMP R3, R1				
  utils.go:229		0x1001751b4		54000483		BCC 36(PC)				
  utils.go:229		0x1001751b8		cb030025		SUB R3, R1, R5				
  utils.go:229		0x1001751bc		cb030046		SUB R3, R2, R6				
  utils.go:229		0x1001751c0		cb0603e6		NEG R6, R6				
  utils.go:229		0x1001751c4		8a86fc66		AND R6->63, R3, R6			
  utils.go:177		0x1001751c8		f10000bf		CMP $0, R5				
  utils.go:177		0x1001751cc		54fffc28		BHI -31(PC)				
  utils.go:177		0x1001751d0		1400001a		JMP 26(PC)				
  utils.go:264		0x1001751d4		d3401c42		UBFX $0, R2, $8, R2			
  utils.go:255		0x1001751d8		91000463		ADD $1, R3, R3				
  utils.go:264		0x1001751dc		aa041044		ORR R4<<4, R2, R4			
  utils.go:255		0x1001751e0		eb03003f		CMP R3, R1				
  utils.go:255		0x1001751e4		540001ed		BLE 15(PC)				
  utils.go:255		0x1001751e8		f100487f		CMP $18, R3				
  utils.go:255		0x1001751ec		540001aa		BGE 13(PC)				
  utils.go:255		0x1001751f0		eb03003f		CMP R3, R1				
  utils.go:256		0x1001751f4		540001e9		BLS 15(PC)				
  utils.go:256		0x1001751f8		38636802		MOVBU (R0)(R3), R2			
  utils.go:256		0x1001751fc		b27b0042		ORR $32, R2, R2				
  utils.go:257		0x100175200		927a0045		AND $64, R2, R5				
  utils.go:257		0x100175204		d3461ca5		UBFX $6, R5, $2, R5			
  utils.go:257		0x100175208		d28004e6		MOVD $39, R6				
  utils.go:257		0x10017520c		1b0588c2		MSUBW R5, R2, R6, R2			
  utils.go:257		0x100175210		d100c042		SUB $48, R2, R2				
  utils.go:260		0x100175214		d3401c45		UBFX $0, R2, $8, R5			
  utils.go:260		0x100175218		71003cbf		CMPW $15, R5				
  utils.go:260		0x10017521c		54fffdc9		BLS -18(PC)				
  utils.go:267		0x100175220		aa0403e0		MOVD R4, R0				
  utils.go:267		0x100175224		f85f83fd		MOVD -8(RSP), R29			
  utils.go:267		0x100175228		f84207fe		MOVD.P 32(RSP), R30			
  utils.go:267		0x10017522c		d65f03c0		RET					
  utils.go:256		0x100175230		aa0303e0		MOVD R3, R0				
  utils.go:256		0x100175234		97fbfe07		CALL runtime.panicIndex(SB)		
  utils.go:177		0x100175238		aa1f03e0		MOVD ZR, R0				
  utils.go:177		0x10017523c		aa0003e1		MOVD R0, R1				
  utils.go:177		0x100175240		97fbfe04		CALL runtime.panicIndex(SB)		
  utils.go:229		0x100175244		aa0303e0		MOVD R3, R0				
  utils.go:229		0x100175248		97fbfe1a		CALL runtime.panicSliceB(SB)		
  utils.go:229		0x10017524c		d503201f		NOOP					
